
> CN-Web-V0@0.0.1 dev
> next dev --turbopack

Γû▓ Next.js 16.1.7 (Turbopack)
- Local:         http://localhost:3000
- Network:       http://10.186.45.105:3000

Γ£ô Starting...
Γ£ô Ready in 2.1s
node.exe : 
At line:1 char:1
+ & "C:\Program Files\nodejs/node.exe" "C:\Program Files\nodejs/node_mo ...
+ ~~~~~~~~~~~~~~~~~~~~~~~~~~~~~~~~~~~~~~~~~~~~~~~~~~~~~~~~~~~~~~~~~~~~~
    + CategoryInfo          : NotSpecified: (:String) [], RemoteException
    + FullyQualifiedErrorId : NativeCommandError
 
-----
[1m[31mFATAL[39m[0m: An unexpected Turbopack error occurred. A panic log has been written to 
C:\Users\mdtal\AppData\Local\Temp\next-panic-9638ac8f59550abcb1aa88a2ed8284cf.log.

To help make Turbopack better, report this error by clicking here: https://github.com/vercel/next.js/discussions/new?ca
tegory=turbopack-error-report&title=Turbopack%20Error%3A%20Failed%20to%20write%20app%20endpoint%20%2Fcareer%2Fpage&body
=Turbopack%20version%3A%20%60dc98c04f%60%0ANext.js%20version%3A%20%600.0.0%60%0A%0AError%20message%3A%0A%60%60%60%0ATur
bopack%20Error%3A%20Failed%20to%20write%20app%20endpoint%20%2Fcareer%2Fpage%0A%60%60%60&labels=Turbopack,Turbopack%20Pa
nic%20Backtrace
-----

 GET /career 500 in 765ms (compile: 439ms, render: 326ms)
